<?xml version="1.0" encoding="UTF-8"?>
<!-- Generated by org.testng.reporters.JUnitXMLReporter -->
<testsuite ignored="0" hostname="DESKTOP-CINE6FF" failures="0" tests="7" name="Default test" time="40.049" errors="0" timestamp="2022-02-20T04:54:59 EST">
  <testcase classname="Test.Testcases" name="loginwithInvalidEmail" time="3.952"/>
  <testcase classname="Test.Testcases" name="loginwithInvalidPassword" time="0.755"/>
  <testcase classname="Test.Testcases" name="loginwithEmptyFields" time="3.227"/>
  <testcase classname="Test.Testcases" name="loginwithValidData" time="3.449"/>
  <testcase classname="Test.Testcases" name="securitycode" time="10.349"/>
  <testcase classname="Test.Testcases" name="headerDropdown" time="0.169"/>
  <testcase classname="Test.Testcases" name="profilemenuoption" time="6.275"/>
</testsuite> <!-- Default test -->
